Project migration to XML Schema (XSD) version 95 is completed.
Project migration to XML Schema (XSD) version 96 is completed.
Project migration to XML Schema (XSD) version 97 is completed.
The Plug-in 'Auro Headphone' was not found for '\Effects\Factory Auro Headphone\Dry_AHP'. Edition and playback won't be available for this object.
'\Effects\Factory Auro Headphone\Dry_AHP' uses the audio effect plugin 'Auro Headphone', which is not installed.
The Plug-in 'Auro Headphone' was not found for '\Effects\Factory Auro Headphone\Big_Church_AHP'. Edition and playback won't be available for this object.
'\Effects\Factory Auro Headphone\Big_Church_AHP' uses the audio effect plugin 'Auro Headphone', which is not installed.
The Plug-in 'Auro Headphone' was not found for '\Effects\Factory Auro Headphone\Church_AHP'. Edition and playback won't be available for this object.
'\Effects\Factory Auro Headphone\Church_AHP' uses the audio effect plugin 'Auro Headphone', which is not installed.
The Plug-in 'Auro Headphone' was not found for '\Effects\Factory Auro Headphone\Large_Hall_AHP'. Edition and playback won't be available for this object.
'\Effects\Factory Auro Headphone\Large_Hall_AHP' uses the audio effect plugin 'Auro Headphone', which is not installed.
The Plug-in 'Auro Headphone' was not found for '\Effects\Factory Auro Headphone\Big_Room_AHP'. Edition and playback won't be available for this object.
'\Effects\Factory Auro Headphone\Big_Room_AHP' uses the audio effect plugin 'Auro Headphone', which is not installed.
The Plug-in 'Auro Headphone' was not found for '\Effects\Factory Auro Headphone\Medium_Room_AHP'. Edition and playback won't be available for this object.
'\Effects\Factory Auro Headphone\Medium_Room_AHP' uses the audio effect plugin 'Auro Headphone', which is not installed.
The Plug-in 'Auro Headphone' was not found for '\Effects\Factory Auro Headphone\Small_Room_AHP'. Edition and playback won't be available for this object.
'\Effects\Factory Auro Headphone\Small_Room_AHP' uses the audio effect plugin 'Auro Headphone', which is not installed.
The Plug-in 'Auro Headphone' was not found for '\Effects\Factory Auro Headphone\Smal_Reflection_Room_AHP'. Edition and playback won't be available for this object.
'\Effects\Factory Auro Headphone\Smal_Reflection_Room_AHP' uses the audio effect plugin 'Auro Headphone', which is not installed.
The Plug-in 'Auro Headphone' was not found for '\Effects\Factory Auro Headphone\Small_Standard_Room_AHP'. Edition and playback won't be available for this object.
'\Effects\Factory Auro Headphone\Small_Standard_Room_AHP' uses the audio effect plugin 'Auro Headphone', which is not installed.
The Plug-in 'Auro Headphone' was not found for '\Effects\Factory Auro Headphone\New_Auro_Headphone'. Edition and playback won't be available for this object.
'\Effects\Factory Auro Headphone\New_Auro_Headphone' uses the audio effect plugin 'Auro Headphone', which is not installed.
Audio Bus '\Master-Mixer Hierarchy\Default Work Unit\Motion Factory Bus' has a 'AudioDevice' reference to 'Default_Motion_Device' that does not exist, for platform 'Linked'. The reference has been removed.
The Audio Bus with the name 'AURO-3D' conflicts with an existing object or contains invalid characters. The object has been renamed to '\Master-Mixer Hierarchy\Thalassophobia\AURO-3D_01'.
